<?xml version="1.0" encoding="UTF-8"?>
<testng-results ignored="0" total="1" passed="1" failed="0" skipped="0">
  <reporter-output>
  </reporter-output>
  <suite started-at="2022-08-18T14:39:12 IST" name="Default suite" finished-at="2022-08-18T14:39:47 IST" duration-ms="34537">
    <groups>
    </groups>
    <test started-at="2022-08-18T14:39:12 IST" name="Default test" finished-at="2022-08-18T14:39:47 IST" duration-ms="34537">
      <class name="webapptesting.demowebapptesting">
        <test-method is-config="true" signature="BT()[pri:0, instance:webapptesting.demowebapptesting@957e06]" started-at="2022-08-18T14:39:12 IST" name="BT" finished-at="2022-08-18T14:39:46 IST" duration-ms="33175" status="PASS">
          <reporter-output>
          </reporter-output>
        </test-method> <!-- BT -->
        <test-method signature="Testcase()[pri:0, instance:webapptesting.demowebapptesting@957e06]" started-at="2022-08-18T14:39:46 IST" name="Testcase" finished-at="2022-08-18T14:39:47 IST" duration-ms="983" status="PASS">
          <reporter-output>
          </reporter-output>
        </test-method> <!-- Testcase -->
        <test-method is-config="true" signature="at()[pri:0, instance:webapptesting.demowebapptesting@957e06]" started-at="2022-08-18T14:39:47 IST" name="at" finished-at="2022-08-18T14:39:47 IST" duration-ms="322" status="PASS">
          <reporter-output>
          </reporter-output>
        </test-method> <!-- at -->
      </class> <!-- webapptesting.demowebapptesting -->
    </test> <!-- Default test -->
  </suite> <!-- Default suite -->
</testng-results>
